2026-02-06 13:09:58,625 [INFO] ============================================================
2026-02-06 13:09:58,626 [INFO] 🔄 Запуск сервиса мониторинга интеграций
2026-02-06 13:09:58,626 [INFO] ⏰ Интервал проверки: 1 минут
2026-02-06 13:09:58,627 [INFO] 🕐 Рабочие часы: 9:00 - 24:00
2026-02-06 13:09:58,627 [INFO] 📧 Получатели: helloworldnurik@gmail.com
2026-02-06 13:09:58,627 [INFO] ============================================================
2026-02-06 13:10:02,922 [INFO] ============================================================
2026-02-06 13:10:02,922 [INFO] 🚀 Запуск проверки интеграций...
2026-02-06 13:10:02,922 [ERROR] ❌ Ошибка при проверке: Файл с клиентами не найден: C:\Users\hello\Desktop\SkillPro\ai-pradavan-qa\integration_check_for_clients\client_data.txt
2026-02-06 13:10:05,114 [INFO] ✅ Email отправлен на: helloworldnurik@gmail.com
2026-02-06 13:10:05,114 [INFO] ⏳ Следующая проверка через 1 минут...
2026-02-06 13:10:32,052 [INFO] ============================================================
2026-02-06 13:10:32,053 [INFO] 🔄 Запуск сервиса мониторинга интеграций
2026-02-06 13:10:32,053 [INFO] ⏰ Интервал проверки: 1 минут
2026-02-06 13:10:32,053 [INFO] 🕐 Рабочие часы: 9:00 - 24:00
2026-02-06 13:10:32,053 [INFO] 📧 Получатели: helloworldnurik@gmail.com
2026-02-06 13:10:32,053 [INFO] ============================================================
2026-02-06 13:10:32,127 [INFO] ============================================================
2026-02-06 13:10:32,127 [INFO] 🚀 Запуск проверки интеграций...
2026-02-06 13:10:32,128 [ERROR] ❌ Ошибка при проверке: Файл с клиентами не найден: C:\Users\hello\Desktop\SkillPro\ai-pradavan-qa\integration_check_for_clients\client_data.txt
2026-02-06 13:10:33,614 [INFO] ✅ Email отправлен на: helloworldnurik@gmail.com
2026-02-06 13:10:33,615 [INFO] ⏳ Следующая проверка через 1 минут...
2026-02-06 13:11:05,859 [INFO] ============================================================
2026-02-06 13:11:05,859 [INFO] 🔄 Запуск сервиса мониторинга интеграций
2026-02-06 13:11:05,859 [INFO] ⏰ Интервал проверки: 1 минут
2026-02-06 13:11:05,859 [INFO] 🕐 Рабочие часы: 9:00 - 24:00
2026-02-06 13:11:05,860 [INFO] 📧 Получатели: helloworldnurik@gmail.com
2026-02-06 13:11:05,860 [INFO] ============================================================
2026-02-06 13:11:05,893 [INFO] ============================================================
2026-02-06 13:11:05,893 [INFO] 🚀 Запуск проверки интеграций...
2026-02-06 13:13:23,196 [ERROR] ❌ Ошибка при проверке: [Errno 2] No such file or directory: 'C:\\Users\\hello\\Desktop\\SkillPro\\ai-pradavan-qa\\integration_check_for_clients\\service_account.json'
2026-02-06 13:13:24,950 [INFO] ✅ Email отправлен на: helloworldnurik@gmail.com
2026-02-06 13:13:24,951 [INFO] ⏳ Следующая проверка через 1 минут...
2026-02-06 13:14:24,951 [INFO] ============================================================
2026-02-06 13:14:24,952 [INFO] 🚀 Запуск проверки интеграций...
2026-02-06 14:10:54,259 [INFO] ============================================================
2026-02-06 14:10:54,259 [INFO] 🔄 Запуск сервиса мониторинга интеграций
2026-02-06 14:10:54,260 [INFO] ⏰ Интервал проверки: 1 минут
2026-02-06 14:10:54,260 [INFO] 🕐 Рабочие часы: 9:00 - 24:00
2026-02-06 14:10:54,260 [INFO] 📧 Получатели: helloworldnurik@gmail.com
2026-02-06 14:10:54,260 [INFO] ============================================================
2026-02-06 14:10:58,079 [INFO] ============================================================
2026-02-06 14:10:58,080 [INFO] 🚀 Запуск проверки интеграций...
2026-02-06 14:13:15,948 [INFO] file_cache is only supported with oauth2client<4.0.0
2026-02-06 14:13:21,656 [INFO] 📊 Проверено клиентов: 36
2026-02-06 14:13:21,656 [INFO] ⚠️ Клиентов с проблемами: 36
2026-02-06 14:13:21,657 [INFO] 📧 Отправка уведомлений...
2026-02-06 14:13:23,772 [INFO] ✅ Email отправлен на: helloworldnurik@gmail.com
2026-02-06 14:13:23,772 [INFO] ✅ Проверка завершена
2026-02-06 14:13:23,773 [INFO] ⏳ Следующая проверка через 1 минут...
2026-02-06 14:14:23,773 [INFO] ============================================================
2026-02-06 14:14:23,774 [INFO] 🚀 Запуск проверки интеграций...
2026-02-06 14:16:40,881 [INFO] file_cache is only supported with oauth2client<4.0.0
2026-02-06 14:16:44,294 [INFO] 📊 Проверено клиентов: 36
2026-02-06 14:16:44,295 [INFO] ⚠️ Клиентов с проблемами: 36
2026-02-06 14:16:44,295 [INFO] 📧 Отправка уведомлений...
2026-02-06 14:16:46,288 [INFO] ✅ Email отправлен на: helloworldnurik@gmail.com
2026-02-06 14:16:46,289 [INFO] ✅ Проверка завершена
2026-02-06 14:16:46,289 [INFO] ⏳ Следующая проверка через 1 минут...
2026-02-06 14:35:54,564 [INFO] ============================================================
2026-02-06 14:35:54,565 [INFO] 🔄 Запуск сервиса мониторинга интеграций
2026-02-06 14:35:54,565 [INFO] ⏰ Интервал проверки: 1 минут
2026-02-06 14:35:54,565 [INFO] 🕐 Рабочие часы: 9:00 - 24:00
2026-02-06 14:35:54,565 [INFO] 📧 Получатели: helloworldnurik@gmail.com
2026-02-06 14:35:54,565 [INFO] ============================================================
2026-02-06 14:35:54,633 [INFO] ============================================================
2026-02-06 14:35:54,634 [INFO] 🚀 Запуск проверки интеграций...
2026-02-06 14:37:23,373 [INFO] file_cache is only supported with oauth2client<4.0.0
2026-02-06 14:37:30,573 [INFO] 📊 Проверено клиентов: 23
2026-02-06 14:37:30,573 [INFO] ⚠️ Клиентов с проблемами: 23
2026-02-06 14:37:30,573 [INFO] 📧 Отправка уведомлений...
2026-02-06 14:37:32,194 [INFO] ✅ Email отправлен на: helloworldnurik@gmail.com
2026-02-06 14:37:32,195 [INFO] ✅ Проверка завершена
2026-02-06 14:37:32,195 [INFO] ⏳ Следующая проверка через 1 минут...
2026-02-06 14:53:29,658 [INFO] ============================================================
2026-02-06 14:53:29,658 [INFO] 🔄 Запуск сервиса мониторинга интеграций
2026-02-06 14:53:29,658 [INFO] ⏰ Интервал проверки: 1 минут
2026-02-06 14:53:29,658 [INFO] 🕐 Рабочие часы: 9:00 - 24:00
2026-02-06 14:53:29,658 [INFO] 📧 Получатели: helloworldnurik@gmail.com
2026-02-06 14:53:29,658 [INFO] ============================================================
2026-02-06 14:53:29,714 [INFO] ============================================================
2026-02-06 14:53:29,715 [INFO] 🚀 Запуск проверки интеграций...
2026-02-06 14:54:57,971 [INFO] file_cache is only supported with oauth2client<4.0.0
2026-02-06 14:55:06,667 [INFO] 📊 Проверено клиентов: 23
2026-02-06 14:55:06,669 [INFO] ⚠️ Клиентов с проблемами: 23
2026-02-06 14:55:06,669 [INFO] 📧 Отправка уведомлений...
2026-02-06 14:55:08,460 [INFO] ✅ Email отправлен на: helloworldnurik@gmail.com
2026-02-06 14:55:08,468 [INFO] ✅ Проверка завершена
2026-02-06 14:55:08,470 [INFO] ⏳ Следующая проверка через 1 минут...
2026-02-06 14:56:08,473 [INFO] ============================================================
2026-02-06 14:56:08,474 [INFO] 🚀 Запуск проверки интеграций...
2026-02-06 14:57:36,544 [INFO] file_cache is only supported with oauth2client<4.0.0
2026-02-06 14:57:41,442 [INFO] 📊 Проверено клиентов: 23
2026-02-06 14:57:41,442 [INFO] ⚠️ Клиентов с проблемами: 23
2026-02-06 14:57:41,443 [INFO] 📧 Отправка уведомлений...
2026-02-06 14:57:43,112 [INFO] ✅ Email отправлен на: helloworldnurik@gmail.com
2026-02-06 14:57:43,113 [INFO] ✅ Проверка завершена
2026-02-06 14:57:43,113 [INFO] ⏳ Следующая проверка через 1 минут...
2026-02-06 14:58:43,137 [INFO] ============================================================
2026-02-06 14:58:43,152 [INFO] 🚀 Запуск проверки интеграций...
2026-02-06 15:00:11,617 [INFO] file_cache is only supported with oauth2client<4.0.0
2026-02-06 15:00:18,040 [INFO] 📊 Проверено клиентов: 23
2026-02-06 15:00:18,041 [INFO] ⚠️ Клиентов с проблемами: 23
2026-02-06 15:00:18,041 [INFO] 📧 Отправка уведомлений...
2026-02-06 15:00:19,715 [INFO] ✅ Email отправлен на: helloworldnurik@gmail.com
2026-02-06 15:00:19,715 [INFO] ✅ Проверка завершена
2026-02-06 15:00:19,716 [INFO] ⏳ Следующая проверка через 1 минут...
